# JRE version: OpenJDK Runtime Environment Temurin-21.0.7+6 (21.0.7+6) (build 21.0.7+6-LTS)
# Java VM: OpenJDK 64-Bit Server VM Temurin-21.0.7+6 (21.0.7+6-LTS, mixed mode, sharing, tiered, compressed oops, compressed class ptrs, parallel gc, windows-amd64)
GC Precious Log:
 CardTable entry size: 512
 CPUs: 12 total, 12 available
 Memory: 6005M
 Large Page Support: Disabled
 NUMA Support: Disabled
 Compressed Oops: Enabled (32-bit)
 Alignments: Space 512K, Generation 512K, Heap 2M
 Heap Min Capacity: 100M
 Heap Initial Capacity: 100M
 Heap Max Capacity: 1G
 Pre-touch: Disabled
 Parallel Workers: 10
Heap:
 PSYoungGen      total 2048K, used 1001K [0x00000000eab00000, 0x00000000eae80000, 0x0000000100000000)
  eden space 1536K, 40% used [0x00000000eab00000,0x00000000eab9a5a8,0x00000000eac80000)
  from space 512K, 75% used [0x00000000eac80000,0x00000000eace0000,0x00000000ead00000)
  to   space 512K, 0% used [0x00000000eae00000,0x00000000eae00000,0x00000000eae80000)
 ParOldGen       total 527872K, used 527799K [0x00000000c0000000, 0x00000000e0380000, 0x00000000eab00000)
  object space 527872K, 99% used [0x00000000c0000000,0x00000000e036de18,0x00000000e0380000)
 Metaspace       used 65567K, committed 67008K, reserved 1114112K
  class space    used 6756K, committed 7360K, reserved 1048576K
GC Heap History (20 events):
Event: 34.888 GC heap before
{Heap before GC invocations=625 (full 3):
 PSYoungGen      total 5120K, used 4811K [0x00000000eab00000, 0x00000000eb280000, 0x0000000100000000)
  eden space 2560K, 97% used [0x00000000eab00000,0x00000000ead71680,0x00000000ead80000)
  from space 2560K, 90% used [0x00000000ead80000,0x00000000eafc1690,0x00000000eb000000)
  to   space 2560K, 0% used [0x00000000eb000000,0x00000000eb000000,0x00000000eb280000)
 ParOldGen       total 519168K, used 519067K [0x00000000c0000000, 0x00000000dfb00000, 0x00000000eab00000)
  object space 519168K, 99% used [0x00000000c0000000,0x00000000dfae6f98,0x00000000dfb00000)
 Metaspace       used 65563K, committed 67008K, reserved 1114112K
  class space    used 6756K, committed 7360K, reserved 1048576K
}
Event: 34.977 GC heap after
{Heap after GC invocations=625 (full 3):
 PSYoungGen      total 3072K, used 2531K [0x00000000eab00000, 0x00000000eb880000, 0x0000000100000000)
  eden space 512K, 0% used [0x00000000eab00000,0x00000000eab00000,0x00000000eab80000)
  from space 2560K, 98% used [0x00000000eb000000,0x00000000eb278cf0,0x00000000eb280000)
  to   space 4608K, 0% used [0x00000000eab80000,0x00000000eab80000,0x00000000eb000000)
 ParOldGen       total 521728K, used 521284K [0x00000000c0000000, 0x00000000dfd80000, 0x00000000eab00000)
  object space 521728K, 99% used [0x00000000c0000000,0x00000000dfd11040,0x00000000dfd80000)
 Metaspace       used 65563K, committed 67008K, reserved 1114112K
  class space    used 6756K, committed 7360K, reserved 1048576K
}
Event: 34.985 GC heap before
{Heap before GC invocations=626 (full 3):
 PSYoungGen      total 3072K, used 3043K [0x00000000eab00000, 0x00000000eb880000, 0x0000000100000000)
  eden space 512K, 99% used [0x00000000eab00000,0x00000000eab7fff0,0x00000000eab80000)
  from space 2560K, 98% used [0x00000000eb000000,0x00000000eb278cf0,0x00000000eb280000)
  to   space 4608K, 0% used [0x00000000eab80000,0x00000000eab80000,0x00000000eb000000)
 ParOldGen       total 521728K, used 521284K [0x00000000c0000000, 0x00000000dfd80000, 0x00000000eab00000)
  object space 521728K, 99% used [0x00000000c0000000,0x00000000dfd11040,0x00000000dfd80000)
 Metaspace       used 65563K, committed 67008K, reserved 1114112K
  class space    used 6756K, committed 7360K, reserved 1048576K
}
Event: 35.995 GC heap after
{Heap after GC invocations=626 (full 3):
 PSYoungGen      total 1536K, used 688K [0x00000000eab00000, 0x00000000eb100000, 0x0000000100000000)
  eden space 512K, 0% used [0x00000000eab00000,0x00000000eab00000,0x00000000eab80000)
  from space 1024K, 67% used [0x00000000eab80000,0x00000000eac2c000,0x00000000eac80000)
  to   space 2560K, 0% used [0x00000000eae80000,0x00000000eae80000,0x00000000eb100000)
 ParOldGen       total 524288K, used 523777K [0x00000000c0000000, 0x00000000e0000000, 0x00000000eab00000)
  object space 524288K, 99% used [0x00000000c0000000,0x00000000dff80798,0x00000000e0000000)
 Metaspace       used 65563K, committed 67008K, reserved 1114112K
  class space    used 6756K, committed 7360K, reserved 1048576K
}
Event: 36.015 GC heap before
{Heap before GC invocations=627 (full 3):
 PSYoungGen      total 1536K, used 1199K [0x00000000eab00000, 0x00000000eb100000, 0x0000000100000000)
  eden space 512K, 99% used [0x00000000eab00000,0x00000000eab7ffd8,0x00000000eab80000)
  from space 1024K, 67% used [0x00000000eab80000,0x00000000eac2c000,0x00000000eac80000)
  to   space 2560K, 0% used [0x00000000eae80000,0x00000000eae80000,0x00000000eb100000)
 ParOldGen       total 524288K, used 523777K [0x00000000c0000000, 0x00000000e0000000, 0x00000000eab00000)
  object space 524288K, 99% used [0x00000000c0000000,0x00000000dff80798,0x00000000e0000000)
 Metaspace       used 65563K, committed 67008K, reserved 1114112K
  class space    used 6756K, committed 7360K, reserved 1048576K
}
Event: 36.018 GC heap after
{Heap after GC invocations=627 (full 3):
 PSYoungGen      total 2048K, used 608K [0x00000000eab00000, 0x00000000eaf80000, 0x0000000100000000)
  eden space 1024K, 0% used [0x00000000eab00000,0x00000000eab00000,0x00000000eac00000)
  from space 1024K, 59% used [0x00000000eae80000,0x00000000eaf18000,0x00000000eaf80000)
  to   space 1024K, 0% used [0x00000000ead80000,0x00000000ead80000,0x00000000eae80000)
 ParOldGen       total 524800K, used 524313K [0x00000000c0000000, 0x00000000e0080000, 0x00000000eab00000)
  object space 524800K, 99% used [0x00000000c0000000,0x00000000e0006798,0x00000000e0080000)
 Metaspace       used 65563K, committed 67008K, reserved 1114112K
  class space    used 6756K, committed 7360K, reserved 1048576K
}
Event: 36.049 GC heap before
{Heap before GC invocations=628 (full 3):
 PSYoungGen      total 2048K, used 1632K [0x00000000eab00000, 0x00000000eaf80000, 0x0000000100000000)
  eden space 1024K, 100% used [0x00000000eab00000,0x00000000eac00000,0x00000000eac00000)
  from space 1024K, 59% used [0x00000000eae80000,0x00000000eaf18000,0x00000000eaf80000)
  to   space 1024K, 0% used [0x00000000ead80000,0x00000000ead80000,0x00000000eae80000)
 ParOldGen       total 524800K, used 524313K [0x00000000c0000000, 0x00000000e0080000, 0x00000000eab00000)
  object space 524800K, 99% used [0x00000000c0000000,0x00000000e0006798,0x00000000e0080000)
 Metaspace       used 65563K, committed 67008K, reserved 1114112K
  class space    used 6756K, committed 7360K, reserved 1048576K
}
Event: 36.053 GC heap after
{Heap after GC invocations=628 (full 3):
 PSYoungGen      total 2560K, used 736K [0x00000000eab00000, 0x00000000eaf00000, 0x0000000100000000)
  eden space 1536K, 0% used [0x00000000eab00000,0x00000000eab00000,0x00000000eac80000)
  from space 1024K, 71% used [0x00000000ead80000,0x00000000eae38000,0x00000000eae80000)
  to   space 512K, 0% used [0x00000000eae80000,0x00000000eae80000,0x00000000eaf00000)
 ParOldGen       total 524800K, used 524755K [0x00000000c0000000, 0x00000000e0080000, 0x00000000eab00000)
  object space 524800K, 99% used [0x00000000c0000000,0x00000000e0074ce0,0x00000000e0080000)
 Metaspace       used 65563K, committed 67008K, reserved 1114112K
  class space    used 6756K, committed 7360K, reserved 1048576K
}
Event: 36.299 GC heap before
{Heap before GC invocations=629 (full 3):
 PSYoungGen      total 2560K, used 2272K [0x00000000eab00000, 0x00000000eaf00000, 0x0000000100000000)
  eden space 1536K, 100% used [0x00000000eab00000,0x00000000eac80000,0x00000000eac80000)
  from space 1024K, 71% used [0x00000000ead80000,0x00000000eae38000,0x00000000eae80000)
  to   space 512K, 0% used [0x00000000eae80000,0x00000000eae80000,0x00000000eaf00000)
 ParOldGen       total 524800K, used 524755K [0x00000000c0000000, 0x00000000e0080000, 0x00000000eab00000)
  object space 524800K, 99% used [0x00000000c0000000,0x00000000e0074ce0,0x00000000e0080000)
 Metaspace       used 65566K, committed 67008K, reserved 1114112K
  class space    used 6756K, committed 7360K, reserved 1048576K
}
Event: 36.304 GC heap after
{Heap after GC invocations=629 (full 3):
 PSYoungGen      total 2048K, used 499K [0x00000000eab00000, 0x00000000eb080000, 0x0000000100000000)
  eden space 1536K, 0% used [0x00000000eab00000,0x00000000eab00000,0x00000000eac80000)
  from space 512K, 97% used [0x00000000eae80000,0x00000000eaefcf28,0x00000000eaf00000)
  to   space 2048K, 0% used [0x00000000eac80000,0x00000000eac80000,0x00000000eae80000)
 ParOldGen       total 526336K, used 525995K [0x00000000c0000000, 0x00000000e0200000, 0x00000000eab00000)
  object space 526336K, 99% used [0x00000000c0000000,0x00000000e01aace0,0x00000000e0200000)
 Metaspace       used 65566K, committed 67008K, reserved 1114112K
  class space    used 6756K, committed 7360K, reserved 1048576K
}
Event: 36.311 GC heap before
{Heap before GC invocations=630 (full 3):
 PSYoungGen      total 2048K, used 2035K [0x00000000eab00000, 0x00000000eb080000, 0x0000000100000000)
  eden space 1536K, 100% used [0x00000000eab00000,0x00000000eac80000,0x00000000eac80000)
  from space 512K, 97% used [0x00000000eae80000,0x00000000eaefcf28,0x00000000eaf00000)
  to   space 2048K, 0% used [0x00000000eac80000,0x00000000eac80000,0x00000000eae80000)
 ParOldGen       total 526336K, used 525995K [0x00000000c0000000, 0x00000000e0200000, 0x00000000eab00000)
  object space 526336K, 99% used [0x00000000c0000000,0x00000000e01aace0,0x00000000e0200000)
 Metaspace       used 65566K, committed 67008K, reserved 1114112K
  class space    used 6756K, committed 7360K, reserved 1048576K
}
Event: 36.313 GC heap after
{Heap after GC invocations=630 (full 3):
 PSYoungGen      total 2048K, used 352K [0x00000000eab00000, 0x00000000eaf00000, 0x0000000100000000)
  eden space 1536K, 0% used [0x00000000eab00000,0x00000000eab00000,0x00000000eac80000)
  from space 512K, 68% used [0x00000000eac80000,0x00000000eacd8000,0x00000000ead00000)
  to   space 1024K, 0% used [0x00000000eae00000,0x00000000eae00000,0x00000000eaf00000)
 ParOldGen       total 526848K, used 526527K [0x00000000c0000000, 0x00000000e0280000, 0x00000000eab00000)
  object space 526848K, 99% used [0x00000000c0000000,0x00000000e022fc08,0x00000000e0280000)
 Metaspace       used 65566K, committed 67008K, reserved 1114112K
  class space    used 6756K, committed 7360K, reserved 1048576K
}
Event: 36.320 GC heap before
{Heap before GC invocations=631 (full 3):
 PSYoungGen      total 2048K, used 1888K [0x00000000eab00000, 0x00000000eaf00000, 0x0000000100000000)
  eden space 1536K, 100% used [0x00000000eab00000,0x00000000eac80000,0x00000000eac80000)
  from space 512K, 68% used [0x00000000eac80000,0x00000000eacd8000,0x00000000ead00000)
  to   space 1024K, 0% used [0x00000000eae00000,0x00000000eae00000,0x00000000eaf00000)
 ParOldGen       total 526848K, used 526527K [0x00000000c0000000, 0x00000000e0280000, 0x00000000eab00000)
  object space 526848K, 99% used [0x00000000c0000000,0x00000000e022fc08,0x00000000e0280000)
 Metaspace       used 65566K, committed 67008K, reserved 1114112K
  class space    used 6756K, committed 7360K, reserved 1048576K
}
Event: 36.322 GC heap after
{Heap after GC invocations=631 (full 3):
 PSYoungGen      total 2048K, used 448K [0x00000000eab00000, 0x00000000eae80000, 0x0000000100000000)
  eden space 1536K, 0% used [0x00000000eab00000,0x00000000eab00000,0x00000000eac80000)
  from space 512K, 87% used [0x00000000eae00000,0x00000000eae70000,0x00000000eae80000)
  to   space 512K, 0% used [0x00000000eac80000,0x00000000eac80000,0x00000000ead00000)
 ParOldGen       total 526848K, used 526751K [0x00000000c0000000, 0x00000000e0280000, 0x00000000eab00000)
  object space 526848K, 99% used [0x00000000c0000000,0x00000000e0267c08,0x00000000e0280000)
 Metaspace       used 65566K, committed 67008K, reserved 1114112K
  class space    used 6756K, committed 7360K, reserved 1048576K
}
Event: 36.328 GC heap before
{Heap before GC invocations=632 (full 3):
 PSYoungGen      total 2048K, used 1984K [0x00000000eab00000, 0x00000000eae80000, 0x0000000100000000)
  eden space 1536K, 100% used [0x00000000eab00000,0x00000000eac80000,0x00000000eac80000)
  from space 512K, 87% used [0x00000000eae00000,0x00000000eae70000,0x00000000eae80000)
  to   space 512K, 0% used [0x00000000eac80000,0x00000000eac80000,0x00000000ead00000)
 ParOldGen       total 526848K, used 526751K [0x00000000c0000000, 0x00000000e0280000, 0x00000000eab00000)
  object space 526848K, 99% used [0x00000000c0000000,0x00000000e0267c08,0x00000000e0280000)
 Metaspace       used 65566K, committed 67008K, reserved 1114112K
  class space    used 6756K, committed 7360K, reserved 1048576K
}
Event: 36.330 GC heap after
{Heap after GC invocations=632 (full 3):
 PSYoungGen      total 2048K, used 320K [0x00000000eab00000, 0x00000000eae80000, 0x0000000100000000)
  eden space 1536K, 0% used [0x00000000eab00000,0x00000000eab00000,0x00000000eac80000)
  from space 512K, 62% used [0x00000000eac80000,0x00000000eacd0000,0x00000000ead00000)
  to   space 512K, 0% used [0x00000000eae00000,0x00000000eae00000,0x00000000eae80000)
 ParOldGen       total 527360K, used 527100K [0x00000000c0000000, 0x00000000e0300000, 0x00000000eab00000)
  object space 527360K, 99% used [0x00000000c0000000,0x00000000e02bf210,0x00000000e0300000)
 Metaspace       used 65566K, committed 67008K, reserved 1114112K
  class space    used 6756K, committed 7360K, reserved 1048576K
}
Event: 36.338 GC heap before
{Heap before GC invocations=633 (full 3):
 PSYoungGen      total 2048K, used 1840K [0x00000000eab00000, 0x00000000eae80000, 0x0000000100000000)
  eden space 1536K, 99% used [0x00000000eab00000,0x00000000eac7c2d0,0x00000000eac80000)
  from space 512K, 62% used [0x00000000eac80000,0x00000000eacd0000,0x00000000ead00000)
  to   space 512K, 0% used [0x00000000eae00000,0x00000000eae00000,0x00000000eae80000)
 ParOldGen       total 527360K, used 527100K [0x00000000c0000000, 0x00000000e0300000, 0x00000000eab00000)
  object space 527360K, 99% used [0x00000000c0000000,0x00000000e02bf210,0x00000000e0300000)
 Metaspace       used 65566K, committed 67008K, reserved 1114112K
  class space    used 6756K, committed 7360K, reserved 1048576K
}
Event: 36.340 GC heap after
{Heap after GC invocations=633 (full 3):
 PSYoungGen      total 2048K, used 251K [0x00000000eab00000, 0x00000000eae80000, 0x0000000100000000)
  eden space 1536K, 0% used [0x00000000eab00000,0x00000000eab00000,0x00000000eac80000)
  from space 512K, 49% used [0x00000000eae00000,0x00000000eae3ec08,0x00000000eae80000)
  to   space 512K, 0% used [0x00000000eac80000,0x00000000eac80000,0x00000000ead00000)
 ParOldGen       total 527360K, used 527316K [0x00000000c0000000, 0x00000000e0300000, 0x00000000eab00000)
  object space 527360K, 99% used [0x00000000c0000000,0x00000000e02f5210,0x00000000e0300000)
 Metaspace       used 65566K, committed 67008K, reserved 1114112K
  class space    used 6756K, committed 7360K, reserved 1048576K
}
Event: 36.374 GC heap before
{Heap before GC invocations=634 (full 3):
 PSYoungGen      total 2048K, used 1787K [0x00000000eab00000, 0x00000000eae80000, 0x0000000100000000)
  eden space 1536K, 100% used [0x00000000eab00000,0x00000000eac80000,0x00000000eac80000)
  from space 512K, 49% used [0x00000000eae00000,0x00000000eae3ec08,0x00000000eae80000)
  to   space 512K, 0% used [0x00000000eac80000,0x00000000eac80000,0x00000000ead00000)
 ParOldGen       total 527360K, used 527316K [0x00000000c0000000, 0x00000000e0300000, 0x00000000eab00000)
  object space 527360K, 99% used [0x00000000c0000000,0x00000000e02f5210,0x00000000e0300000)
 Metaspace       used 65566K, committed 67008K, reserved 1114112K
  class space    used 6756K, committed 7360K, reserved 1048576K
}
Event: 36.376 GC heap after
{Heap after GC invocations=634 (full 3):
 PSYoungGen      total 2048K, used 288K [0x00000000eab00000, 0x00000000eae80000, 0x0000000100000000)
  eden space 1536K, 0% used [0x00000000eab00000,0x00000000eab00000,0x00000000eac80000)
  from space 512K, 56% used [0x00000000eac80000,0x00000000eacc8000,0x00000000ead00000)
  to   space 512K, 0% used [0x00000000eae00000,0x00000000eae00000,0x00000000eae80000)
 ParOldGen       total 527872K, used 527503K [0x00000000c0000000, 0x00000000e0380000, 0x00000000eab00000)
  object space 527872K, 99% used [0x00000000c0000000,0x00000000e0323e18,0x00000000e0380000)
 Metaspace       used 65566K, committed 67008K, reserved 1114112K
  class space    used 6756K, committed 7360K, reserved 1048576K
}

