# JRE version: OpenJDK Runtime Environment Temurin-21.0.7+6 (21.0.7+6) (build 21.0.7+6-LTS)
# Java VM: OpenJDK 64-Bit Server VM Temurin-21.0.7+6 (21.0.7+6-LTS, mixed mode, sharing, tiered, compressed oops, compressed class ptrs, parallel gc, windows-amd64)
GC Precious Log:
 CardTable entry size: 512
 CPUs: 12 total, 12 available
 Memory: 6005M
 Large Page Support: Disabled
 NUMA Support: Disabled
 Compressed Oops: Enabled (32-bit)
 Alignments: Space 512K, Generation 512K, Heap 2M
 Heap Min Capacity: 100M
 Heap Initial Capacity: 100M
 Heap Max Capacity: 1G
 Pre-touch: Disabled
 Parallel Workers: 10
Heap:
 PSYoungGen      total 7168K, used 7072K [0x00000000eab00000, 0x00000000eb380000, 0x0000000100000000)
  eden space 6656K, 100% used [0x00000000eab00000,0x00000000eb180000,0x00000000eb180000)
  from space 512K, 81% used [0x00000000eb300000,0x00000000eb368000,0x00000000eb380000)
  to   space 512K, 0% used [0x00000000eb180000,0x00000000eb180000,0x00000000eb200000)
 ParOldGen       total 610304K, used 609939K [0x00000000c0000000, 0x00000000e5400000, 0x00000000eab00000)
  object space 610304K, 99% used [0x00000000c0000000,0x00000000e53a4c80,0x00000000e5400000)
 Metaspace       used 70082K, committed 71680K, reserved 1114112K
  class space    used 7298K, committed 8000K, reserved 1048576K
GC Heap History (20 events):
Event: 101.868 GC heap before
{Heap before GC invocations=1414 (full 3):
 PSYoungGen      total 6656K, used 6368K [0x00000000eab00000, 0x00000000eb280000, 0x0000000100000000)
  eden space 6144K, 100% used [0x00000000eab00000,0x00000000eb100000,0x00000000eb100000)
  from space 512K, 43% used [0x00000000eb200000,0x00000000eb238000,0x00000000eb280000)
  to   space 512K, 0% used [0x00000000eb180000,0x00000000eb180000,0x00000000eb200000)
 ParOldGen       total 592384K, used 592013K [0x00000000c0000000, 0x00000000e4280000, 0x00000000eab00000)
  object space 592384K, 99% used [0x00000000c0000000,0x00000000e4223720,0x00000000e4280000)
 Metaspace       used 69950K, committed 71552K, reserved 1114112K
  class space    used 7284K, committed 8000K, reserved 1048576K
}
Event: 101.871 GC heap after
{Heap after GC invocations=1414 (full 3):
 PSYoungGen      total 6656K, used 256K [0x00000000eab00000, 0x00000000eb280000, 0x0000000100000000)
  eden space 6144K, 0% used [0x00000000eab00000,0x00000000eab00000,0x00000000eb100000)
  from space 512K, 50% used [0x00000000eb180000,0x00000000eb1c0000,0x00000000eb200000)
  to   space 512K, 0% used [0x00000000eb200000,0x00000000eb200000,0x00000000eb280000)
 ParOldGen       total 592384K, used 592149K [0x00000000c0000000, 0x00000000e4280000, 0x00000000eab00000)
  object space 592384K, 99% used [0x00000000c0000000,0x00000000e4245720,0x00000000e4280000)
 Metaspace       used 69950K, committed 71552K, reserved 1114112K
  class space    used 7284K, committed 8000K, reserved 1048576K
}
Event: 101.895 GC heap before
{Heap before GC invocations=1415 (full 3):
 PSYoungGen      total 6656K, used 6400K [0x00000000eab00000, 0x00000000eb280000, 0x0000000100000000)
  eden space 6144K, 100% used [0x00000000eab00000,0x00000000eb100000,0x00000000eb100000)
  from space 512K, 50% used [0x00000000eb180000,0x00000000eb1c0000,0x00000000eb200000)
  to   space 512K, 0% used [0x00000000eb200000,0x00000000eb200000,0x00000000eb280000)
 ParOldGen       total 592384K, used 592149K [0x00000000c0000000, 0x00000000e4280000, 0x00000000eab00000)
  object space 592384K, 99% used [0x00000000c0000000,0x00000000e4245720,0x00000000e4280000)
 Metaspace       used 69950K, committed 71552K, reserved 1114112K
  class space    used 7284K, committed 8000K, reserved 1048576K
}
Event: 101.899 GC heap after
{Heap after GC invocations=1415 (full 3):
 PSYoungGen      total 6656K, used 490K [0x00000000eab00000, 0x00000000eb300000, 0x0000000100000000)
  eden space 6144K, 0% used [0x00000000eab00000,0x00000000eab00000,0x00000000eb100000)
  from space 512K, 95% used [0x00000000eb200000,0x00000000eb27a9e8,0x00000000eb280000)
  to   space 1024K, 0% used [0x00000000eb100000,0x00000000eb100000,0x00000000eb200000)
 ParOldGen       total 592384K, used 592309K [0x00000000c0000000, 0x00000000e4280000, 0x00000000eab00000)
  object space 592384K, 99% used [0x00000000c0000000,0x00000000e426d720,0x00000000e4280000)
 Metaspace       used 69950K, committed 71552K, reserved 1114112K
  class space    used 7284K, committed 8000K, reserved 1048576K
}
Event: 101.931 GC heap before
{Heap before GC invocations=1416 (full 3):
 PSYoungGen      total 6656K, used 6634K [0x00000000eab00000, 0x00000000eb300000, 0x0000000100000000)
  eden space 6144K, 100% used [0x00000000eab00000,0x00000000eb100000,0x00000000eb100000)
  from space 512K, 95% used [0x00000000eb200000,0x00000000eb27a9e8,0x00000000eb280000)
  to   space 1024K, 0% used [0x00000000eb100000,0x00000000eb100000,0x00000000eb200000)
 ParOldGen       total 592384K, used 592309K [0x00000000c0000000, 0x00000000e4280000, 0x00000000eab00000)
  object space 592384K, 99% used [0x00000000c0000000,0x00000000e426d720,0x00000000e4280000)
 Metaspace       used 69950K, committed 71552K, reserved 1114112K
  class space    used 7284K, committed 8000K, reserved 1048576K
}
Event: 101.935 GC heap after
{Heap after GC invocations=1416 (full 3):
 PSYoungGen      total 7168K, used 450K [0x00000000eab00000, 0x00000000eb300000, 0x0000000100000000)
  eden space 6144K, 0% used [0x00000000eab00000,0x00000000eab00000,0x00000000eb100000)
  from space 1024K, 43% used [0x00000000eb100000,0x00000000eb170900,0x00000000eb200000)
  to   space 1024K, 0% used [0x00000000eb200000,0x00000000eb200000,0x00000000eb300000)
 ParOldGen       total 592896K, used 592677K [0x00000000c0000000, 0x00000000e4300000, 0x00000000eab00000)
  object space 592896K, 99% used [0x00000000c0000000,0x00000000e42c9670,0x00000000e4300000)
 Metaspace       used 69950K, committed 71552K, reserved 1114112K
  class space    used 7284K, committed 8000K, reserved 1048576K
}
Event: 101.946 GC heap before
{Heap before GC invocations=1417 (full 3):
 PSYoungGen      total 7168K, used 6594K [0x00000000eab00000, 0x00000000eb300000, 0x0000000100000000)
  eden space 6144K, 100% used [0x00000000eab00000,0x00000000eb100000,0x00000000eb100000)
  from space 1024K, 43% used [0x00000000eb100000,0x00000000eb170900,0x00000000eb200000)
  to   space 1024K, 0% used [0x00000000eb200000,0x00000000eb200000,0x00000000eb300000)
 ParOldGen       total 592896K, used 592677K [0x00000000c0000000, 0x00000000e4300000, 0x00000000eab00000)
  object space 592896K, 99% used [0x00000000c0000000,0x00000000e42c9670,0x00000000e4300000)
 Metaspace       used 69950K, committed 71552K, reserved 1114112K
  class space    used 7284K, committed 8000K, reserved 1048576K
}
Event: 101.949 GC heap after
{Heap after GC invocations=1417 (full 3):
 PSYoungGen      total 6656K, used 354K [0x00000000eab00000, 0x00000000eb280000, 0x0000000100000000)
  eden space 6144K, 0% used [0x00000000eab00000,0x00000000eab00000,0x00000000eb100000)
  from space 512K, 69% used [0x00000000eb200000,0x00000000eb258940,0x00000000eb280000)
  to   space 512K, 0% used [0x00000000eb180000,0x00000000eb180000,0x00000000eb200000)
 ParOldGen       total 593408K, used 592918K [0x00000000c0000000, 0x00000000e4380000, 0x00000000eab00000)
  object space 593408K, 99% used [0x00000000c0000000,0x00000000e4305ad0,0x00000000e4380000)
 Metaspace       used 69950K, committed 71552K, reserved 1114112K
  class space    used 7284K, committed 8000K, reserved 1048576K
}
Event: 101.993 GC heap before
{Heap before GC invocations=1418 (full 3):
 PSYoungGen      total 6656K, used 6498K [0x00000000eab00000, 0x00000000eb280000, 0x0000000100000000)
  eden space 6144K, 100% used [0x00000000eab00000,0x00000000eb100000,0x00000000eb100000)
  from space 512K, 69% used [0x00000000eb200000,0x00000000eb258940,0x00000000eb280000)
  to   space 512K, 0% used [0x00000000eb180000,0x00000000eb180000,0x00000000eb200000)
 ParOldGen       total 593408K, used 592918K [0x00000000c0000000, 0x00000000e4380000, 0x00000000eab00000)
  object space 593408K, 99% used [0x00000000c0000000,0x00000000e4305ad0,0x00000000e4380000)
 Metaspace       used 69976K, committed 71552K, reserved 1114112K
  class space    used 7289K, committed 8000K, reserved 1048576K
}
Event: 101.997 GC heap after
{Heap after GC invocations=1418 (full 3):
 PSYoungGen      total 6656K, used 488K [0x00000000eab00000, 0x00000000eb300000, 0x0000000100000000)
  eden space 6144K, 0% used [0x00000000eab00000,0x00000000eab00000,0x00000000eb100000)
  from space 512K, 95% used [0x00000000eb180000,0x00000000eb1fa088,0x00000000eb200000)
  to   space 1024K, 0% used [0x00000000eb200000,0x00000000eb200000,0x00000000eb300000)
 ParOldGen       total 593408K, used 593101K [0x00000000c0000000, 0x00000000e4380000, 0x00000000eab00000)
  object space 593408K, 99% used [0x00000000c0000000,0x00000000e4333638,0x00000000e4380000)
 Metaspace       used 69976K, committed 71552K, reserved 1114112K
  class space    used 7289K, committed 8000K, reserved 1048576K
}
Event: 102.030 GC heap before
{Heap before GC invocations=1419 (full 3):
 PSYoungGen      total 6656K, used 6632K [0x00000000eab00000, 0x00000000eb300000, 0x0000000100000000)
  eden space 6144K, 100% used [0x00000000eab00000,0x00000000eb100000,0x00000000eb100000)
  from space 512K, 95% used [0x00000000eb180000,0x00000000eb1fa088,0x00000000eb200000)
  to   space 1024K, 0% used [0x00000000eb200000,0x00000000eb200000,0x00000000eb300000)
 ParOldGen       total 593408K, used 593101K [0x00000000c0000000, 0x00000000e4380000, 0x00000000eab00000)
  object space 593408K, 99% used [0x00000000c0000000,0x00000000e4333638,0x00000000e4380000)
 Metaspace       used 69988K, committed 71552K, reserved 1114112K
  class space    used 7290K, committed 8000K, reserved 1048576K
}
Event: 102.034 GC heap after
{Heap after GC invocations=1419 (full 3):
 PSYoungGen      total 6656K, used 288K [0x00000000eab00000, 0x00000000eb280000, 0x0000000100000000)
  eden space 6144K, 0% used [0x00000000eab00000,0x00000000eab00000,0x00000000eb100000)
  from space 512K, 56% used [0x00000000eb200000,0x00000000eb248000,0x00000000eb280000)
  to   space 512K, 0% used [0x00000000eb180000,0x00000000eb180000,0x00000000eb200000)
 ParOldGen       total 594944K, used 594740K [0x00000000c0000000, 0x00000000e4500000, 0x00000000eab00000)
  object space 594944K, 99% used [0x00000000c0000000,0x00000000e44cd030,0x00000000e4500000)
 Metaspace       used 69988K, committed 71552K, reserved 1114112K
  class space    used 7290K, committed 8000K, reserved 1048576K
}
Event: 102.063 GC heap before
{Heap before GC invocations=1420 (full 3):
 PSYoungGen      total 6656K, used 6432K [0x00000000eab00000, 0x00000000eb280000, 0x0000000100000000)
  eden space 6144K, 100% used [0x00000000eab00000,0x00000000eb100000,0x00000000eb100000)
  from space 512K, 56% used [0x00000000eb200000,0x00000000eb248000,0x00000000eb280000)
  to   space 512K, 0% used [0x00000000eb180000,0x00000000eb180000,0x00000000eb200000)
 ParOldGen       total 594944K, used 594740K [0x00000000c0000000, 0x00000000e4500000, 0x00000000eab00000)
  object space 594944K, 99% used [0x00000000c0000000,0x00000000e44cd030,0x00000000e4500000)
 Metaspace       used 69993K, committed 71552K, reserved 1114112K
  class space    used 7290K, committed 8000K, reserved 1048576K
}
Event: 102.066 GC heap after
{Heap after GC invocations=1420 (full 3):
 PSYoungGen      total 6656K, used 400K [0x00000000eab00000, 0x00000000eb280000, 0x0000000100000000)
  eden space 6144K, 0% used [0x00000000eab00000,0x00000000eab00000,0x00000000eb100000)
  from space 512K, 78% used [0x00000000eb180000,0x00000000eb1e43f8,0x00000000eb200000)
  to   space 512K, 0% used [0x00000000eb200000,0x00000000eb200000,0x00000000eb280000)
 ParOldGen       total 596480K, used 596160K [0x00000000c0000000, 0x00000000e4680000, 0x00000000eab00000)
  object space 596480K, 99% used [0x00000000c0000000,0x00000000e46301d8,0x00000000e4680000)
 Metaspace       used 69993K, committed 71552K, reserved 1114112K
  class space    used 7290K, committed 8000K, reserved 1048576K
}
Event: 102.077 GC heap before
{Heap before GC invocations=1421 (full 3):
 PSYoungGen      total 6656K, used 6544K [0x00000000eab00000, 0x00000000eb280000, 0x0000000100000000)
  eden space 6144K, 100% used [0x00000000eab00000,0x00000000eb100000,0x00000000eb100000)
  from space 512K, 78% used [0x00000000eb180000,0x00000000eb1e43f8,0x00000000eb200000)
  to   space 512K, 0% used [0x00000000eb200000,0x00000000eb200000,0x00000000eb280000)
 ParOldGen       total 596480K, used 596160K [0x00000000c0000000, 0x00000000e4680000, 0x00000000eab00000)
  object space 596480K, 99% used [0x00000000c0000000,0x00000000e46301d8,0x00000000e4680000)
 Metaspace       used 70000K, committed 71552K, reserved 1114112K
  class space    used 7290K, committed 8000K, reserved 1048576K
}
Event: 102.081 GC heap after
{Heap after GC invocations=1421 (full 3):
 PSYoungGen      total 6656K, used 306K [0x00000000eab00000, 0x00000000eb280000, 0x0000000100000000)
  eden space 6144K, 0% used [0x00000000eab00000,0x00000000eab00000,0x00000000eb100000)
  from space 512K, 59% used [0x00000000eb200000,0x00000000eb24c9b8,0x00000000eb280000)
  to   space 512K, 0% used [0x00000000eb180000,0x00000000eb180000,0x00000000eb200000)
 ParOldGen       total 598528K, used 598234K [0x00000000c0000000, 0x00000000e4880000, 0x00000000eab00000)
  object space 598528K, 99% used [0x00000000c0000000,0x00000000e4836918,0x00000000e4880000)
 Metaspace       used 70000K, committed 71552K, reserved 1114112K
  class space    used 7290K, committed 8000K, reserved 1048576K
}
Event: 102.089 GC heap before
{Heap before GC invocations=1422 (full 3):
 PSYoungGen      total 6656K, used 6450K [0x00000000eab00000, 0x00000000eb280000, 0x0000000100000000)
  eden space 6144K, 100% used [0x00000000eab00000,0x00000000eb100000,0x00000000eb100000)
  from space 512K, 59% used [0x00000000eb200000,0x00000000eb24c9b8,0x00000000eb280000)
  to   space 512K, 0% used [0x00000000eb180000,0x00000000eb180000,0x00000000eb200000)
 ParOldGen       total 598528K, used 598234K [0x00000000c0000000, 0x00000000e4880000, 0x00000000eab00000)
  object space 598528K, 99% used [0x00000000c0000000,0x00000000e4836918,0x00000000e4880000)
 Metaspace       used 70000K, committed 71552K, reserved 1114112K
  class space    used 7290K, committed 8000K, reserved 1048576K
}
Event: 102.095 GC heap after
{Heap after GC invocations=1422 (full 3):
 PSYoungGen      total 7168K, used 352K [0x00000000eab00000, 0x00000000eb380000, 0x0000000100000000)
  eden space 6656K, 0% used [0x00000000eab00000,0x00000000eab00000,0x00000000eb180000)
  from space 512K, 68% used [0x00000000eb180000,0x00000000eb1d8230,0x00000000eb200000)
  to   space 512K, 0% used [0x00000000eb300000,0x00000000eb300000,0x00000000eb380000)
 ParOldGen       total 602624K, used 602166K [0x00000000c0000000, 0x00000000e4c80000, 0x00000000eab00000)
  object space 602624K, 99% used [0x00000000c0000000,0x00000000e4c0dbd0,0x00000000e4c80000)
 Metaspace       used 70000K, committed 71552K, reserved 1114112K
  class space    used 7290K, committed 8000K, reserved 1048576K
}
Event: 102.141 GC heap before
{Heap before GC invocations=1423 (full 3):
 PSYoungGen      total 7168K, used 7008K [0x00000000eab00000, 0x00000000eb380000, 0x0000000100000000)
  eden space 6656K, 100% used [0x00000000eab00000,0x00000000eb180000,0x00000000eb180000)
  from space 512K, 68% used [0x00000000eb180000,0x00000000eb1d8230,0x00000000eb200000)
  to   space 512K, 0% used [0x00000000eb300000,0x00000000eb300000,0x00000000eb380000)
 ParOldGen       total 610304K, used 609826K [0x00000000c0000000, 0x00000000e5400000, 0x00000000eab00000)
  object space 610304K, 99% used [0x00000000c0000000,0x00000000e5388be0,0x00000000e5400000)
 Metaspace       used 70023K, committed 71616K, reserved 1114112K
  class space    used 7293K, committed 8000K, reserved 1048576K
}
Event: 102.144 GC heap after
{Heap after GC invocations=1423 (full 3):
 PSYoungGen      total 7168K, used 416K [0x00000000eab00000, 0x00000000eb380000, 0x0000000100000000)
  eden space 6656K, 0% used [0x00000000eab00000,0x00000000eab00000,0x00000000eb180000)
  from space 512K, 81% used [0x00000000eb300000,0x00000000eb368000,0x00000000eb380000)
  to   space 512K, 0% used [0x00000000eb180000,0x00000000eb180000,0x00000000eb200000)
 ParOldGen       total 610304K, used 609939K [0x00000000c0000000, 0x00000000e5400000, 0x00000000eab00000)
  object space 610304K, 99% used [0x00000000c0000000,0x00000000e53a4c80,0x00000000e5400000)
 Metaspace       used 70023K, committed 71616K, reserved 1114112K
  class space    used 7293K, committed 8000K, reserved 1048576K
}

