# JRE version: OpenJDK Runtime Environment Temurin-21.0.7+6 (21.0.7+6) (build 21.0.7+6-LTS)
# Java VM: OpenJDK 64-Bit Server VM Temurin-21.0.7+6 (21.0.7+6-LTS, mixed mode, sharing, tiered, compressed oops, compressed class ptrs, parallel gc, windows-amd64)
GC Precious Log:
 CardTable entry size: 512
 CPUs: 12 total, 12 available
 Memory: 6005M
 Large Page Support: Disabled
 NUMA Support: Disabled
 Compressed Oops: Enabled (32-bit)
 Alignments: Space 512K, Generation 512K, Heap 2M
 Heap Min Capacity: 100M
 Heap Initial Capacity: 100M
 Heap Max Capacity: 1G
 Pre-touch: Disabled
 Parallel Workers: 10
Heap:
 PSYoungGen      total 7168K, used 5414K [0x00000000eab00000, 0x00000000eb400000, 0x0000000100000000)
  eden space 5632K, 76% used [0x00000000eab00000,0x00000000eaf31d18,0x00000000eb080000)
  from space 1536K, 79% used [0x00000000eb280000,0x00000000eb3b0ae0,0x00000000eb400000)
  to   space 1536K, 0% used [0x00000000eb100000,0x00000000eb100000,0x00000000eb280000)
 ParOldGen       total 186368K, used 186264K [0x00000000c0000000, 0x00000000cb600000, 0x00000000eab00000)
  object space 186368K, 99% used [0x00000000c0000000,0x00000000cb5e6218,0x00000000cb600000)
 Metaspace       used 57483K, committed 58880K, reserved 1114112K
  class space    used 5985K, committed 6592K, reserved 1048576K
GC Heap History (20 events):
Event: 28.266 GC heap after
{Heap after GC invocations=84 (full 2):
 PSYoungGen      total 6656K, used 1357K [0x00000000eab00000, 0x00000000eb380000, 0x0000000100000000)
  eden space 5120K, 0% used [0x00000000eab00000,0x00000000eab00000,0x00000000eb000000)
  from space 1536K, 88% used [0x00000000eb200000,0x00000000eb3535e0,0x00000000eb380000)
  to   space 1536K, 0% used [0x00000000eb000000,0x00000000eb000000,0x00000000eb180000)
 ParOldGen       total 172544K, used 172194K [0x00000000c0000000, 0x00000000ca880000, 0x00000000eab00000)
  object space 172544K, 99% used [0x00000000c0000000,0x00000000ca828818,0x00000000ca880000)
 Metaspace       used 57429K, committed 58752K, reserved 1114112K
  class space    used 5985K, committed 6592K, reserved 1048576K
}
Event: 28.342 GC heap before
{Heap before GC invocations=85 (full 2):
 PSYoungGen      total 6656K, used 6477K [0x00000000eab00000, 0x00000000eb380000, 0x0000000100000000)
  eden space 5120K, 100% used [0x00000000eab00000,0x00000000eb000000,0x00000000eb000000)
  from space 1536K, 88% used [0x00000000eb200000,0x00000000eb3535e0,0x00000000eb380000)
  to   space 1536K, 0% used [0x00000000eb000000,0x00000000eb000000,0x00000000eb180000)
 ParOldGen       total 172544K, used 172194K [0x00000000c0000000, 0x00000000ca880000, 0x00000000eab00000)
  object space 172544K, 99% used [0x00000000c0000000,0x00000000ca828818,0x00000000ca880000)
 Metaspace       used 57435K, committed 58752K, reserved 1114112K
  class space    used 5985K, committed 6592K, reserved 1048576K
}
Event: 28.346 GC heap after
{Heap after GC invocations=85 (full 2):
 PSYoungGen      total 6656K, used 1407K [0x00000000eab00000, 0x00000000eb300000, 0x0000000100000000)
  eden space 5120K, 0% used [0x00000000eab00000,0x00000000eab00000,0x00000000eb000000)
  from space 1536K, 91% used [0x00000000eb000000,0x00000000eb15fed0,0x00000000eb180000)
  to   space 1536K, 0% used [0x00000000eb180000,0x00000000eb180000,0x00000000eb300000)
 ParOldGen       total 173568K, used 173413K [0x00000000c0000000, 0x00000000ca980000, 0x00000000eab00000)
  object space 173568K, 99% used [0x00000000c0000000,0x00000000ca959590,0x00000000ca980000)
 Metaspace       used 57435K, committed 58752K, reserved 1114112K
  class space    used 5985K, committed 6592K, reserved 1048576K
}
Event: 28.428 GC heap before
{Heap before GC invocations=86 (full 2):
 PSYoungGen      total 6656K, used 6527K [0x00000000eab00000, 0x00000000eb300000, 0x0000000100000000)
  eden space 5120K, 100% used [0x00000000eab00000,0x00000000eb000000,0x00000000eb000000)
  from space 1536K, 91% used [0x00000000eb000000,0x00000000eb15fed0,0x00000000eb180000)
  to   space 1536K, 0% used [0x00000000eb180000,0x00000000eb180000,0x00000000eb300000)
 ParOldGen       total 173568K, used 173413K [0x00000000c0000000, 0x00000000ca980000, 0x00000000eab00000)
  object space 173568K, 99% used [0x00000000c0000000,0x00000000ca959590,0x00000000ca980000)
 Metaspace       used 57436K, committed 58752K, reserved 1114112K
  class space    used 5985K, committed 6592K, reserved 1048576K
}
Event: 28.434 GC heap after
{Heap after GC invocations=86 (full 2):
 PSYoungGen      total 6144K, used 1532K [0x00000000eab00000, 0x00000000eb400000, 0x0000000100000000)
  eden space 4608K, 0% used [0x00000000eab00000,0x00000000eab00000,0x00000000eaf80000)
  from space 1536K, 99% used [0x00000000eb180000,0x00000000eb2ff2f0,0x00000000eb300000)
  to   space 2048K, 0% used [0x00000000eaf80000,0x00000000eaf80000,0x00000000eb180000)
 ParOldGen       total 175104K, used 174651K [0x00000000c0000000, 0x00000000cab00000, 0x00000000eab00000)
  object space 175104K, 99% used [0x00000000c0000000,0x00000000caa8eff8,0x00000000cab00000)
 Metaspace       used 57436K, committed 58752K, reserved 1114112K
  class space    used 5985K, committed 6592K, reserved 1048576K
}
Event: 28.489 GC heap before
{Heap before GC invocations=87 (full 2):
 PSYoungGen      total 6144K, used 6140K [0x00000000eab00000, 0x00000000eb400000, 0x0000000100000000)
  eden space 4608K, 100% used [0x00000000eab00000,0x00000000eaf80000,0x00000000eaf80000)
  from space 1536K, 99% used [0x00000000eb180000,0x00000000eb2ff2f0,0x00000000eb300000)
  to   space 2048K, 0% used [0x00000000eaf80000,0x00000000eaf80000,0x00000000eb180000)
 ParOldGen       total 175104K, used 174651K [0x00000000c0000000, 0x00000000cab00000, 0x00000000eab00000)
  object space 175104K, 99% used [0x00000000c0000000,0x00000000caa8eff8,0x00000000cab00000)
 Metaspace       used 57436K, committed 58752K, reserved 1114112K
  class space    used 5985K, committed 6592K, reserved 1048576K
}
Event: 28.494 GC heap after
{Heap after GC invocations=87 (full 2):
 PSYoungGen      total 6144K, used 1171K [0x00000000eab00000, 0x00000000eb280000, 0x0000000100000000)
  eden space 4608K, 0% used [0x00000000eab00000,0x00000000eab00000,0x00000000eaf80000)
  from space 1536K, 76% used [0x00000000eaf80000,0x00000000eb0a4dd0,0x00000000eb100000)
  to   space 1536K, 0% used [0x00000000eb100000,0x00000000eb100000,0x00000000eb280000)
 ParOldGen       total 176640K, used 176168K [0x00000000c0000000, 0x00000000cac80000, 0x00000000eab00000)
  object space 176640K, 99% used [0x00000000c0000000,0x00000000cac0a3e0,0x00000000cac80000)
 Metaspace       used 57436K, committed 58752K, reserved 1114112K
  class space    used 5985K, committed 6592K, reserved 1048576K
}
Event: 28.536 GC heap before
{Heap before GC invocations=88 (full 2):
 PSYoungGen      total 6144K, used 5779K [0x00000000eab00000, 0x00000000eb280000, 0x0000000100000000)
  eden space 4608K, 100% used [0x00000000eab00000,0x00000000eaf80000,0x00000000eaf80000)
  from space 1536K, 76% used [0x00000000eaf80000,0x00000000eb0a4dd0,0x00000000eb100000)
  to   space 1536K, 0% used [0x00000000eb100000,0x00000000eb100000,0x00000000eb280000)
 ParOldGen       total 176640K, used 176168K [0x00000000c0000000, 0x00000000cac80000, 0x00000000eab00000)
  object space 176640K, 99% used [0x00000000c0000000,0x00000000cac0a3e0,0x00000000cac80000)
 Metaspace       used 57436K, committed 58752K, reserved 1114112K
  class space    used 5985K, committed 6592K, reserved 1048576K
}
Event: 28.539 GC heap after
{Heap after GC invocations=88 (full 2):
 PSYoungGen      total 6144K, used 1252K [0x00000000eab00000, 0x00000000eb280000, 0x0000000100000000)
  eden space 4608K, 0% used [0x00000000eab00000,0x00000000eab00000,0x00000000eaf80000)
  from space 1536K, 81% used [0x00000000eb100000,0x00000000eb2391a8,0x00000000eb280000)
  to   space 1536K, 0% used [0x00000000eaf80000,0x00000000eaf80000,0x00000000eb100000)
 ParOldGen       total 177664K, used 177262K [0x00000000c0000000, 0x00000000cad80000, 0x00000000eab00000)
  object space 177664K, 99% used [0x00000000c0000000,0x00000000cad1b9a8,0x00000000cad80000)
 Metaspace       used 57436K, committed 58752K, reserved 1114112K
  class space    used 5985K, committed 6592K, reserved 1048576K
}
Event: 28.603 GC heap before
{Heap before GC invocations=89 (full 2):
 PSYoungGen      total 6144K, used 5860K [0x00000000eab00000, 0x00000000eb280000, 0x0000000100000000)
  eden space 4608K, 100% used [0x00000000eab00000,0x00000000eaf80000,0x00000000eaf80000)
  from space 1536K, 81% used [0x00000000eb100000,0x00000000eb2391a8,0x00000000eb280000)
  to   space 1536K, 0% used [0x00000000eaf80000,0x00000000eaf80000,0x00000000eb100000)
 ParOldGen       total 177664K, used 177262K [0x00000000c0000000, 0x00000000cad80000, 0x00000000eab00000)
  object space 177664K, 99% used [0x00000000c0000000,0x00000000cad1b9a8,0x00000000cad80000)
 Metaspace       used 57436K, committed 58752K, reserved 1114112K
  class space    used 5985K, committed 6592K, reserved 1048576K
}
Event: 28.607 GC heap after
{Heap after GC invocations=89 (full 2):
 PSYoungGen      total 6144K, used 1247K [0x00000000eab00000, 0x00000000eb280000, 0x0000000100000000)
  eden space 4608K, 0% used [0x00000000eab00000,0x00000000eab00000,0x00000000eaf80000)
  from space 1536K, 81% used [0x00000000eaf80000,0x00000000eb0b7eb8,0x00000000eb100000)
  to   space 1536K, 0% used [0x00000000eb100000,0x00000000eb100000,0x00000000eb280000)
 ParOldGen       total 178688K, used 178390K [0x00000000c0000000, 0x00000000cae80000, 0x00000000eab00000)
  object space 178688K, 99% used [0x00000000c0000000,0x00000000cae35a28,0x00000000cae80000)
 Metaspace       used 57436K, committed 58752K, reserved 1114112K
  class space    used 5985K, committed 6592K, reserved 1048576K
}
Event: 28.666 GC heap before
{Heap before GC invocations=90 (full 2):
 PSYoungGen      total 6144K, used 5855K [0x00000000eab00000, 0x00000000eb280000, 0x0000000100000000)
  eden space 4608K, 100% used [0x00000000eab00000,0x00000000eaf80000,0x00000000eaf80000)
  from space 1536K, 81% used [0x00000000eaf80000,0x00000000eb0b7eb8,0x00000000eb100000)
  to   space 1536K, 0% used [0x00000000eb100000,0x00000000eb100000,0x00000000eb280000)
 ParOldGen       total 178688K, used 178390K [0x00000000c0000000, 0x00000000cae80000, 0x00000000eab00000)
  object space 178688K, 99% used [0x00000000c0000000,0x00000000cae35a28,0x00000000cae80000)
 Metaspace       used 57436K, committed 58752K, reserved 1114112K
  class space    used 5985K, committed 6592K, reserved 1048576K
}
Event: 28.669 GC heap after
{Heap after GC invocations=90 (full 2):
 PSYoungGen      total 6144K, used 1313K [0x00000000eab00000, 0x00000000eb280000, 0x0000000100000000)
  eden space 4608K, 0% used [0x00000000eab00000,0x00000000eab00000,0x00000000eaf80000)
  from space 1536K, 85% used [0x00000000eb100000,0x00000000eb2484b8,0x00000000eb280000)
  to   space 1536K, 0% used [0x00000000eaf80000,0x00000000eaf80000,0x00000000eb100000)
 ParOldGen       total 179712K, used 179487K [0x00000000c0000000, 0x00000000caf80000, 0x00000000eab00000)
  object space 179712K, 99% used [0x00000000c0000000,0x00000000caf47f28,0x00000000caf80000)
 Metaspace       used 57436K, committed 58752K, reserved 1114112K
  class space    used 5985K, committed 6592K, reserved 1048576K
}
Event: 28.757 GC heap before
{Heap before GC invocations=91 (full 2):
 PSYoungGen      total 6144K, used 5921K [0x00000000eab00000, 0x00000000eb280000, 0x0000000100000000)
  eden space 4608K, 100% used [0x00000000eab00000,0x00000000eaf80000,0x00000000eaf80000)
  from space 1536K, 85% used [0x00000000eb100000,0x00000000eb2484b8,0x00000000eb280000)
  to   space 1536K, 0% used [0x00000000eaf80000,0x00000000eaf80000,0x00000000eb100000)
 ParOldGen       total 179712K, used 179487K [0x00000000c0000000, 0x00000000caf80000, 0x00000000eab00000)
  object space 179712K, 99% used [0x00000000c0000000,0x00000000caf47f28,0x00000000caf80000)
 Metaspace       used 57436K, committed 58752K, reserved 1114112K
  class space    used 5985K, committed 6592K, reserved 1048576K
}
Event: 28.760 GC heap after
{Heap after GC invocations=91 (full 2):
 PSYoungGen      total 6144K, used 1196K [0x00000000eab00000, 0x00000000eb280000, 0x0000000100000000)
  eden space 4608K, 0% used [0x00000000eab00000,0x00000000eab00000,0x00000000eaf80000)
  from space 1536K, 77% used [0x00000000eaf80000,0x00000000eb0ab2e0,0x00000000eb100000)
  to   space 1536K, 0% used [0x00000000eb100000,0x00000000eb100000,0x00000000eb280000)
 ParOldGen       total 180736K, used 180610K [0x00000000c0000000, 0x00000000cb080000, 0x00000000eab00000)
  object space 180736K, 99% used [0x00000000c0000000,0x00000000cb060b88,0x00000000cb080000)
 Metaspace       used 57436K, committed 58752K, reserved 1114112K
  class space    used 5985K, committed 6592K, reserved 1048576K
}
Event: 28.811 GC heap before
{Heap before GC invocations=92 (full 2):
 PSYoungGen      total 6144K, used 5804K [0x00000000eab00000, 0x00000000eb280000, 0x0000000100000000)
  eden space 4608K, 100% used [0x00000000eab00000,0x00000000eaf80000,0x00000000eaf80000)
  from space 1536K, 77% used [0x00000000eaf80000,0x00000000eb0ab2e0,0x00000000eb100000)
  to   space 1536K, 0% used [0x00000000eb100000,0x00000000eb100000,0x00000000eb280000)
 ParOldGen       total 180736K, used 180610K [0x00000000c0000000, 0x00000000cb080000, 0x00000000eab00000)
  object space 180736K, 99% used [0x00000000c0000000,0x00000000cb060b88,0x00000000cb080000)
 Metaspace       used 57436K, committed 58752K, reserved 1114112K
  class space    used 5985K, committed 6592K, reserved 1048576K
}
Event: 28.815 GC heap after
{Heap after GC invocations=92 (full 2):
 PSYoungGen      total 6144K, used 1200K [0x00000000eab00000, 0x00000000eb280000, 0x0000000100000000)
  eden space 4608K, 0% used [0x00000000eab00000,0x00000000eab00000,0x00000000eaf80000)
  from space 1536K, 78% used [0x00000000eb100000,0x00000000eb22c008,0x00000000eb280000)
  to   space 1536K, 0% used [0x00000000eaf80000,0x00000000eaf80000,0x00000000eb100000)
 ParOldGen       total 181760K, used 181685K [0x00000000c0000000, 0x00000000cb180000, 0x00000000eab00000)
  object space 181760K, 99% used [0x00000000c0000000,0x00000000cb16d758,0x00000000cb180000)
 Metaspace       used 57436K, committed 58752K, reserved 1114112K
  class space    used 5985K, committed 6592K, reserved 1048576K
}
Event: 28.858 GC heap before
{Heap before GC invocations=93 (full 2):
 PSYoungGen      total 6144K, used 5808K [0x00000000eab00000, 0x00000000eb280000, 0x0000000100000000)
  eden space 4608K, 100% used [0x00000000eab00000,0x00000000eaf80000,0x00000000eaf80000)
  from space 1536K, 78% used [0x00000000eb100000,0x00000000eb22c008,0x00000000eb280000)
  to   space 1536K, 0% used [0x00000000eaf80000,0x00000000eaf80000,0x00000000eb100000)
 ParOldGen       total 181760K, used 181685K [0x00000000c0000000, 0x00000000cb180000, 0x00000000eab00000)
  object space 181760K, 99% used [0x00000000c0000000,0x00000000cb16d758,0x00000000cb180000)
 Metaspace       used 57436K, committed 58752K, reserved 1114112K
  class space    used 5985K, committed 6592K, reserved 1048576K
}
Event: 28.861 GC heap after
{Heap after GC invocations=93 (full 2):
 PSYoungGen      total 6144K, used 1190K [0x00000000eab00000, 0x00000000eb280000, 0x0000000100000000)
  eden space 4608K, 0% used [0x00000000eab00000,0x00000000eab00000,0x00000000eaf80000)
  from space 1536K, 77% used [0x00000000eaf80000,0x00000000eb0a99c8,0x00000000eb100000)
  to   space 1536K, 0% used [0x00000000eb100000,0x00000000eb100000,0x00000000eb280000)
 ParOldGen       total 182784K, used 182762K [0x00000000c0000000, 0x00000000cb280000, 0x00000000eab00000)
  object space 182784K, 99% used [0x00000000c0000000,0x00000000cb27abd0,0x00000000cb280000)
 Metaspace       used 57436K, committed 58752K, reserved 1114112K
  class space    used 5985K, committed 6592K, reserved 1048576K
}
Event: 28.899 GC heap before
{Heap before GC invocations=94 (full 2):
 PSYoungGen      total 6144K, used 5798K [0x00000000eab00000, 0x00000000eb280000, 0x0000000100000000)
  eden space 4608K, 100% used [0x00000000eab00000,0x00000000eaf80000,0x00000000eaf80000)
  from space 1536K, 77% used [0x00000000eaf80000,0x00000000eb0a99c8,0x00000000eb100000)
  to   space 1536K, 0% used [0x00000000eb100000,0x00000000eb100000,0x00000000eb280000)
 ParOldGen       total 182784K, used 182762K [0x00000000c0000000, 0x00000000cb280000, 0x00000000eab00000)
  object space 182784K, 99% used [0x00000000c0000000,0x00000000cb27abd0,0x00000000cb280000)
 Metaspace       used 57436K, committed 58752K, reserved 1114112K
  class space    used 5985K, committed 6592K, reserved 1048576K
}

